C:\USERS\CAROLINE\DOCUMENTS\GITHUB\APPLUSPLUS1415\SMFLEXPERIMENT\SMFLEXPERIMENT\X64\DEBUG\SMFLEXPERIMENT.PCH
C:\USERS\CAROLINE\DOCUMENTS\GITHUB\APPLUSPLUS1415\SMFLEXPERIMENT\SMFLEXPERIMENT\X64\DEBUG\STDAFX.OBJ
C:\USERS\CAROLINE\DOCUMENTS\GITHUB\APPLUSPLUS1415\SMFLEXPERIMENT\SMFLEXPERIMENT\X64\DEBUG\VC110.PDB
C:\USERS\CAROLINE\DOCUMENTS\GITHUB\APPLUSPLUS1415\SMFLEXPERIMENT\SMFLEXPERIMENT\X64\DEBUG\BOARD.OBJ
C:\USERS\CAROLINE\DOCUMENTS\GITHUB\APPLUSPLUS1415\SMFLEXPERIMENT\SMFLEXPERIMENT\X64\DEBUG\CELL.OBJ
C:\USERS\CAROLINE\DOCUMENTS\GITHUB\APPLUSPLUS1415\SMFLEXPERIMENT\SMFLEXPERIMENT\X64\DEBUG\GAME.OBJ
C:\USERS\CAROLINE\DOCUMENTS\GITHUB\APPLUSPLUS1415\SMFLEXPERIMENT\SMFLEXPERIMENT\X64\DEBUG\SMFLEXPERIMENT.OBJ
C:\USERS\CAROLINE\DOCUMENTS\GITHUB\APPLUSPLUS1415\SMFLEXPERIMENT\SMFLEXPERIMENT\X64\DEBUG\GLOBAL.OBJ
C:\USERS\CAROLINE\DOCUMENTS\GITHUB\APPLUSPLUS1415\SMFLEXPERIMENT\X64\DEBUG\SMFLEXPERIMENT.ILK
C:\USERS\CAROLINE\DOCUMENTS\GITHUB\APPLUSPLUS1415\SMFLEXPERIMENT\X64\DEBUG\SMFLEXPERIMENT.EXE
C:\USERS\CAROLINE\DOCUMENTS\GITHUB\APPLUSPLUS1415\SMFLEXPERIMENT\X64\DEBUG\SMFLEXPERIMENT.PDB
C:\Users\Caroline\Documents\GitHub\apPlusPlus1415\SmflExperiment\SmflExperiment\x64\Debug\Board.obj
C:\Users\Caroline\Documents\GitHub\apPlusPlus1415\SmflExperiment\SmflExperiment\x64\Debug\Cell.obj
C:\Users\Caroline\Documents\GitHub\apPlusPlus1415\SmflExperiment\SmflExperiment\x64\Debug\Game.obj
C:\Users\Caroline\Documents\GitHub\apPlusPlus1415\SmflExperiment\SmflExperiment\x64\Debug\Global.obj
C:\Users\Caroline\Documents\GitHub\apPlusPlus1415\SmflExperiment\SmflExperiment\x64\Debug\SmflExperiment.obj
C:\Users\Caroline\Documents\GitHub\apPlusPlus1415\SmflExperiment\SmflExperiment\x64\Debug\stdafx.obj
C:\Users\Caroline\Documents\GitHub\apPlusPlus1415\SmflExperiment\SmflExperiment\x64\Debug\cl.command.1.tlog
C:\Users\Caroline\Documents\GitHub\apPlusPlus1415\SmflExperiment\SmflExperiment\x64\Debug\CL.read.1.tlog
C:\Users\Caroline\Documents\GitHub\apPlusPlus1415\SmflExperiment\SmflExperiment\x64\Debug\CL.write.1.tlog
C:\Users\Caroline\Documents\GitHub\apPlusPlus1415\SmflExperiment\SmflExperiment\x64\Debug\link-cvtres.read.1.tlog
C:\Users\Caroline\Documents\GitHub\apPlusPlus1415\SmflExperiment\SmflExperiment\x64\Debug\link-cvtres.write.1.tlog
C:\Users\Caroline\Documents\GitHub\apPlusPlus1415\SmflExperiment\SmflExperiment\x64\Debug\link-rc.read.1.tlog
C:\Users\Caroline\Documents\GitHub\apPlusPlus1415\SmflExperiment\SmflExperiment\x64\Debug\link-rc.write.1.tlog
C:\Users\Caroline\Documents\GitHub\apPlusPlus1415\SmflExperiment\SmflExperiment\x64\Debug\link.6012-cvtres.read.1.tlog
C:\Users\Caroline\Documents\GitHub\apPlusPlus1415\SmflExperiment\SmflExperiment\x64\Debug\link.6012-cvtres.write.1.tlog
C:\Users\Caroline\Documents\GitHub\apPlusPlus1415\SmflExperiment\SmflExperiment\x64\Debug\link.6012-rc.read.1.tlog
C:\Users\Caroline\Documents\GitHub\apPlusPlus1415\SmflExperiment\SmflExperiment\x64\Debug\link.6012-rc.write.1.tlog
C:\Users\Caroline\Documents\GitHub\apPlusPlus1415\SmflExperiment\SmflExperiment\x64\Debug\link.6012.read.1.tlog
C:\Users\Caroline\Documents\GitHub\apPlusPlus1415\SmflExperiment\SmflExperiment\x64\Debug\link.6012.write.1.tlog
C:\Users\Caroline\Documents\GitHub\apPlusPlus1415\SmflExperiment\SmflExperiment\x64\Debug\link.6536-cvtres.read.1.tlog
C:\Users\Caroline\Documents\GitHub\apPlusPlus1415\SmflExperiment\SmflExperiment\x64\Debug\link.6536-cvtres.write.1.tlog
C:\Users\Caroline\Documents\GitHub\apPlusPlus1415\SmflExperiment\SmflExperiment\x64\Debug\link.6536-rc.read.1.tlog
C:\Users\Caroline\Documents\GitHub\apPlusPlus1415\SmflExperiment\SmflExperiment\x64\Debug\link.6536-rc.write.1.tlog
C:\Users\Caroline\Documents\GitHub\apPlusPlus1415\SmflExperiment\SmflExperiment\x64\Debug\link.6536.read.1.tlog
C:\Users\Caroline\Documents\GitHub\apPlusPlus1415\SmflExperiment\SmflExperiment\x64\Debug\link.6536.write.1.tlog
C:\Users\Caroline\Documents\GitHub\apPlusPlus1415\SmflExperiment\SmflExperiment\x64\Debug\link.command.1.tlog
C:\Users\Caroline\Documents\GitHub\apPlusPlus1415\SmflExperiment\SmflExperiment\x64\Debug\link.read.1.tlog
C:\Users\Caroline\Documents\GitHub\apPlusPlus1415\SmflExperiment\SmflExperiment\x64\Debug\link.write.1.tlog
C:\Users\Caroline\Documents\GitHub\apPlusPlus1415\SmflExperiment\SmflExperiment\x64\Debug\SmflExperiment.pch
C:\Users\Caroline\Documents\GitHub\apPlusPlus1415\SmflExperiment\SmflExperiment\x64\Debug\vc110.idb
C:\Users\Caroline\Documents\GitHub\apPlusPlus1415\SmflExperiment\SmflExperiment\x64\Debug\vc120.idb
C:\Users\Caroline\Documents\GitHub\apPlusPlus1415\SmflExperiment\SmflExperiment\x64\Debug\vc110.pdb
C:\Users\Caroline\Documents\GitHub\apPlusPlus1415\SmflExperiment\SmflExperiment\x64\Debug\vc120.pdb
C:\Users\Caroline\Documents\GitHub\apPlusPlus1415\SmflExperiment\x64\Debug\SmflExperiment.pdb
